<?xml version="1.0" encoding="UTF-8"?>
<testng-results ignored="0" total="1" passed="1" failed="0" skipped="0">
  <reporter-output>
  </reporter-output>
  <suite started-at="2023-02-15T11:51:44 IST" name="Default suite" finished-at="2023-02-15T11:51:53 IST" duration-ms="9471">
    <groups>
    </groups>
    <test started-at="2023-02-15T11:51:44 IST" name="Default test" finished-at="2023-02-15T11:51:53 IST" duration-ms="9471">
      <class name="com.test.com.test.IntegrationTC">
        <test-method is-config="true" signature="start()[pri:0, instance:com.test.com.test.IntegrationTC@15f193b8]" started-at="2023-02-15T11:51:44 IST" name="start" finished-at="2023-02-15T11:51:53 IST" duration-ms="9167" status="PASS">
          <reporter-output>
          </reporter-output>
        </test-method> <!-- start -->
        <test-method signature="login()[pri:0, instance:com.test.com.test.IntegrationTC@15f193b8]" started-at="2023-02-15T11:51:53 IST" name="login" finished-at="2023-02-15T11:51:53 IST" duration-ms="235" status="PASS">
          <reporter-output>
          </reporter-output>
        </test-method> <!-- login -->
      </class> <!-- com.test.com.test.IntegrationTC -->
    </test> <!-- Default test -->
  </suite> <!-- Default suite -->
</testng-results>
